0 verbose cli /usr/bin/node /usr/bin/npm
1 info using npm@8.19.4
2 info using node@v16.20.1
3 timing npm:load:whichnode Completed in 0ms
4 timing config:load:defaults Completed in 7ms
5 timing config:load:file:/usr/lib/node_modules/npm/npmrc Completed in 4ms
6 timing config:load:builtin Completed in 4ms
7 timing config:load:cli Completed in 7ms
8 timing config:load:env Completed in 2ms
9 timing config:load:project Completed in 16ms
10 timing config:load:file:/var/www/.npmrc Completed in 0ms
11 timing config:load:user Completed in 0ms
12 timing config:load:file:/usr/etc/npmrc Completed in 0ms
13 timing config:load:global Completed in 1ms
14 timing config:load:validate Completed in 0ms
15 timing config:load:credentials Completed in 3ms
16 timing config:load:setEnvs Completed in 4ms
17 timing config:load Completed in 48ms
18 timing npm:load:configload Completed in 48ms
19 timing npm:load:mkdirpcache Completed in 5ms
20 timing npm:load:mkdirplogs Completed in 2ms
21 verbose title npm config get registry
22 verbose argv "config" "get" "registry"
23 timing npm:load:setTitle Completed in 3ms
24 timing config:load:flatten Completed in 7ms
25 timing npm:load:display Completed in 10ms
26 verbose logfile logs-max:10 dir:/var/www/.npm/_logs
27 verbose logfile /var/www/.npm/_logs/2023-07-26T09_01_25_508Z-debug-0.log
28 timing npm:load:logFile Completed in 18ms
29 timing npm:load:timers Completed in 0ms
30 timing npm:load:configScope Completed in 1ms
31 timing npm:load Completed in 89ms
32 timing command:config Completed in 5ms
33 verbose exit 0
34 timing npm Completed in 109ms
35 info ok
